<?xml version="1.0" encoding="UTF-8"?>
<!-- Generated by org.testng.reporters.JUnitReportReporter -->
<testsuite hostname="Lenovo" failures="0" tests="1" name="fblogin.FbloginTestNg" time="56.716" errors="0" timestamp="2023-02-09T14:04:41 GMT-08:00" skipped="0">
  <testcase classname="fblogin.FbloginTestNg" name="test1" time="56.716"/>
  <system-out/>
</testsuite> <!-- fblogin.FbloginTestNg -->
