<?xml version="1.0" encoding="UTF-8"?>
<!-- Generated by org.testng.reporters.JUnitReportReporter -->
<testsuite hostname="Lenovo" failures="0" tests="2" name="TestNgExample.TestCase1" time="0.138" errors="0" timestamp="2023-02-08T11:13:07 GMT-08:00" skipped="0">
  <testcase classname="TestNgExample.TestCase1" name="test2" time="0.039"/>
  <system-out/>
  <testcase classname="TestNgExample.TestCase1" name="test1" time="0.099"/>
  <system-out/>
</testsuite> <!-- TestNgExample.TestCase1 -->
