<?xml version="1.0" encoding="UTF-8"?>
<!-- Generated by org.testng.reporters.JUnitReportReporter -->
<testsuite hostname="Lenovo" failures="0" tests="1" name="advanceSelenium.Sample" time="48.886" errors="0" timestamp="2023-02-15T11:08:20 GMT-08:00" skipped="0">
  <testcase classname="advanceSelenium.Sample" name="tset" time="48.886"/>
  <system-out/>
</testsuite> <!-- advanceSelenium.Sample -->
