<?xml version="1.0" encoding="UTF-8"?>
<!-- Generated by org.testng.reporters.JUnitReportReporter -->
<testsuite hostname="Lenovo" failures="0" tests="2" name="TestNgExample.TestCase2" time="0.005" errors="0" timestamp="2023-02-08T11:13:07 GMT-08:00" skipped="1">
  <testcase classname="TestNgExample.TestCase2" name="test3" time="0.005"/>
  <system-out/>
  <testcase classname="TestNgExample.TestCase2" name="test">
    <skipped/>
  </testcase> <!-- test -->
  <system-out/>
</testsuite> <!-- TestNgExample.TestCase2 -->
