<?xml version="1.0" encoding="UTF-8"?>
<!-- Generated by org.testng.reporters.JUnitReportReporter -->
<testsuite hostname="Lenovo" failures="0" tests="3" name="TestNgExample.TestCase3" time="0.106" errors="0" timestamp="2023-02-08T11:13:07 GMT-08:00" skipped="0">
  <testcase classname="TestNgExample.TestCase3" name="test" time="0.011"/>
  <system-out/>
  <testcase classname="TestNgExample.TestCase3" name="test" time="0.068"/>
  <system-out/>
  <testcase classname="TestNgExample.TestCase3" name="test" time="0.027"/>
  <system-out/>
</testsuite> <!-- TestNgExample.TestCase3 -->
