<?xml version="1.0" encoding="UTF-8"?>
<!-- Generated by org.testng.reporters.JUnitReportReporter -->
<testsuite hostname="Lenovo" failures="0" tests="1" name="advanceSelenium.HotstarExample" time="38.067" errors="0" timestamp="2023-02-08T07:54:40 GMT-08:00" skipped="0">
  <testcase classname="advanceSelenium.HotstarExample" name="test1" time="38.067"/>
  <system-out/>
</testsuite> <!-- advanceSelenium.HotstarExample -->
